# JRE version: Java(TM) SE Runtime Environment (8.0_291-b10) (build 1.8.0_291-b10)
# Java VM: Java HotSpot(TM) 64-Bit Server VM (25.291-b10 mixed mode windows-amd64 compressed oops)
Heap:
 PSYoungGen      total 137216K, used 102165K [0x000000076e000000, 0x0000000779880000, 0x00000007c0000000)
  eden space 122368K, 83% used [0x000000076e000000,0x00000007743c56c8,0x0000000775780000)
  from space 14848K, 0% used [0x0000000778a00000,0x0000000778a00000,0x0000000779880000)
  to   space 10240K, 0% used [0x0000000775780000,0x0000000775780000,0x0000000776180000)
 ParOldGen       total 97280K, used 17118K [0x00000006ca000000, 0x00000006cff00000, 0x000000076e000000)
  object space 97280K, 17% used [0x00000006ca000000,0x00000006cb0b79d0,0x00000006cff00000)
 Metaspace       used 39484K, capacity 42004K, committed 42240K, reserved 1085440K
  class space    used 5316K, capacity 5786K, committed 5888K, reserved 1048576K
GC Heap History (10 events):
Event: 5.000 GC heap before
{Heap before GC invocations=4 (full 1):
 PSYoungGen      total 73728K, used 8676K [0x000000076e000000, 0x0000000777000000, 0x00000007c0000000)
  eden space 63488K, 0% used [0x000000076e000000,0x000000076e000000,0x0000000771e00000)
  from space 10240K, 84% used [0x0000000771e00000,0x00000007726792e8,0x0000000772800000)
  to   space 10240K, 0% used [0x0000000776600000,0x0000000776600000,0x0000000777000000)
 ParOldGen       total 167936K, used 1485K [0x00000006ca000000, 0x00000006d4400000, 0x000000076e000000)
  object space 167936K, 0% used [0x00000006ca000000,0x00000006ca173688,0x00000006d4400000)
 Metaspace       used 20219K, capacity 21180K, committed 21296K, reserved 1067008K
  class space    used 2655K, capacity 2886K, committed 2944K, reserved 1048576K
Event: 5.051 GC heap after
Heap after GC invocations=4 (full 1):
 PSYoungGen      total 73728K, used 0K [0x000000076e000000, 0x0000000777000000, 0x00000007c0000000)
  eden space 63488K, 0% used [0x000000076e000000,0x000000076e000000,0x0000000771e00000)
  from space 10240K, 0% used [0x0000000771e00000,0x0000000771e00000,0x0000000772800000)
  to   space 10240K, 0% used [0x0000000776600000,0x0000000776600000,0x0000000777000000)
 ParOldGen       total 97280K, used 8471K [0x00000006ca000000, 0x00000006cff00000, 0x000000076e000000)
  object space 97280K, 8% used [0x00000006ca000000,0x00000006ca845e10,0x00000006cff00000)
 Metaspace       used 20219K, capacity 21180K, committed 21296K, reserved 1067008K
  class space    used 2655K, capacity 2886K, committed 2944K, reserved 1048576K
}
Event: 5.927 GC heap before
{Heap before GC invocations=5 (full 1):
 PSYoungGen      total 73728K, used 63488K [0x000000076e000000, 0x0000000777000000, 0x00000007c0000000)
  eden space 63488K, 100% used [0x000000076e000000,0x0000000771e00000,0x0000000771e00000)
  from space 10240K, 0% used [0x0000000771e00000,0x0000000771e00000,0x0000000772800000)
  to   space 10240K, 0% used [0x0000000776600000,0x0000000776600000,0x0000000777000000)
 ParOldGen       total 97280K, used 8471K [0x00000006ca000000, 0x00000006cff00000, 0x000000076e000000)
  object space 97280K, 8% used [0x00000006ca000000,0x00000006ca845e10,0x00000006cff00000)
 Metaspace       used 22605K, capacity 23806K, committed 24064K, reserved 1071104K
  class space    used 3033K, capacity 3311K, committed 3328K, reserved 1048576K
Event: 5.934 GC heap after
Heap after GC invocations=5 (full 1):
 PSYoungGen      total 107520K, used 5547K [0x000000076e000000, 0x0000000776b80000, 0x00000007c0000000)
  eden space 101888K, 0% used [0x000000076e000000,0x000000076e000000,0x0000000774380000)
  from space 5632K, 98% used [0x0000000776600000,0x0000000776b6ad78,0x0000000776b80000)
  to   space 10240K, 0% used [0x0000000775780000,0x0000000775780000,0x0000000776180000)
 ParOldGen       total 97280K, used 8479K [0x00000006ca000000, 0x00000006cff00000, 0x000000076e000000)
  object space 97280K, 8% used [0x00000006ca000000,0x00000006ca847e10,0x00000006cff00000)
 Metaspace       used 22605K, capacity 23806K, committed 24064K, reserved 1071104K
  class space    used 3033K, capacity 3311K, committed 3328K, reserved 1048576K
}
Event: 7.817 GC heap before
{Heap before GC invocations=6 (full 1):
 PSYoungGen      total 107520K, used 107431K [0x000000076e000000, 0x0000000776b80000, 0x00000007c0000000)
  eden space 101888K, 99% used [0x000000076e000000,0x000000077437f048,0x0000000774380000)
  from space 5632K, 98% used [0x0000000776600000,0x0000000776b6ad78,0x0000000776b80000)
  to   space 10240K, 0% used [0x0000000775780000,0x0000000775780000,0x0000000776180000)
 ParOldGen       total 97280K, used 8479K [0x00000006ca000000, 0x00000006cff00000, 0x000000076e000000)
  object space 97280K, 8% used [0x00000006ca000000,0x00000006ca847e10,0x00000006cff00000)
 Metaspace       used 29249K, capacity 31196K, committed 31232K, reserved 1077248K
  class space    used 3956K, capacity 4326K, committed 4352K, reserved 1048576K
Event: 7.830 GC heap after
Heap after GC invocations=6 (full 1):
 PSYoungGen      total 132608K, used 10234K [0x000000076e000000, 0x0000000779880000, 0x00000007c0000000)
  eden space 122368K, 0% used [0x000000076e000000,0x000000076e000000,0x0000000775780000)
  from space 10240K, 99% used [0x0000000775780000,0x000000077617e918,0x0000000776180000)
  to   space 14848K, 0% used [0x0000000778a00000,0x0000000778a00000,0x0000000779880000)
 ParOldGen       total 97280K, used 10389K [0x00000006ca000000, 0x00000006cff00000, 0x000000076e000000)
  object space 97280K, 10% used [0x00000006ca000000,0x00000006caa25450,0x00000006cff00000)
 Metaspace       used 29249K, capacity 31196K, committed 31232K, reserved 1077248K
  class space    used 3956K, capacity 4326K, committed 4352K, reserved 1048576K
}
Event: 8.709 GC heap before
{Heap before GC invocations=7 (full 1):
 PSYoungGen      total 132608K, used 58766K [0x000000076e000000, 0x0000000779880000, 0x00000007c0000000)
  eden space 122368K, 39% used [0x000000076e000000,0x0000000770f650d0,0x0000000775780000)
  from space 10240K, 99% used [0x0000000775780000,0x000000077617e918,0x0000000776180000)
  to   space 14848K, 0% used [0x0000000778a00000,0x0000000778a00000,0x0000000779880000)
 ParOldGen       total 97280K, used 10389K [0x00000006ca000000, 0x00000006cff00000, 0x000000076e000000)
  object space 97280K, 10% used [0x00000006ca000000,0x00000006caa25450,0x00000006cff00000)
 Metaspace       used 33071K, capacity 35286K, committed 35456K, reserved 1079296K
  class space    used 4452K, capacity 4865K, committed 4992K, reserved 1048576K
Event: 8.723 GC heap after
Heap after GC invocations=7 (full 1):
 PSYoungGen      total 137216K, used 11014K [0x000000076e000000, 0x0000000779880000, 0x00000007c0000000)
  eden space 122368K, 0% used [0x000000076e000000,0x000000076e000000,0x0000000775780000)
  from space 14848K, 74% used [0x0000000778a00000,0x00000007794c1b80,0x0000000779880000)
  to   space 10240K, 0% used [0x0000000775780000,0x0000000775780000,0x0000000776180000)
 ParOldGen       total 97280K, used 10397K [0x00000006ca000000, 0x00000006cff00000, 0x000000076e000000)
  object space 97280K, 10% used [0x00000006ca000000,0x00000006caa27450,0x00000006cff00000)
 Metaspace       used 33071K, capacity 35286K, committed 35456K, reserved 1079296K
  class space    used 4452K, capacity 4865K, committed 4992K, reserved 1048576K
}
Event: 8.723 GC heap before
{Heap before GC invocations=8 (full 2):
 PSYoungGen      total 137216K, used 11014K [0x000000076e000000, 0x0000000779880000, 0x00000007c0000000)
  eden space 122368K, 0% used [0x000000076e000000,0x000000076e000000,0x0000000775780000)
  from space 14848K, 74% used [0x0000000778a00000,0x00000007794c1b80,0x0000000779880000)
  to   space 10240K, 0% used [0x0000000775780000,0x0000000775780000,0x0000000776180000)
 ParOldGen       total 97280K, used 10397K [0x00000006ca000000, 0x00000006cff00000, 0x000000076e000000)
  object space 97280K, 10% used [0x00000006ca000000,0x00000006caa27450,0x00000006cff00000)
 Metaspace       used 33071K, capacity 35286K, committed 35456K, reserved 1079296K
  class space    used 4452K, capacity 4865K, committed 4992K, reserved 1048576K
Event: 8.796 GC heap after
Heap after GC invocations=8 (full 2):
 PSYoungGen      total 137216K, used 0K [0x000000076e000000, 0x0000000779880000, 0x00000007c0000000)
  eden space 122368K, 0% used [0x000000076e000000,0x000000076e000000,0x0000000775780000)
  from space 14848K, 0% used [0x0000000778a00000,0x0000000778a00000,0x0000000779880000)
  to   space 10240K, 0% used [0x0000000775780000,0x0000000775780000,0x0000000776180000)
 ParOldGen       total 97280K, used 17118K [0x00000006ca000000, 0x00000006cff00000, 0x000000076e000000)
  object space 97280K, 17% used [0x00000006ca000000,0x00000006cb0b79d0,0x00000006cff00000)
 Metaspace       used 33071K, capacity 35286K, committed 35456K, reserved 1079296K
  class space    used 4452K, capacity 4865K, committed 4992K, reserved 1048576K
}

